<?xml version="1.0" encoding="UTF-8"?>
<testng-results ignored="0" total="3" passed="3" failed="0" skipped="0">
  <reporter-output>
  </reporter-output>
  <suite started-at="2025-02-17T16:50:31 IST" name="Default suite" finished-at="2025-02-17T16:50:34 IST" duration-ms="2941">
    <groups>
    </groups>
    <test started-at="2025-02-17T16:50:31 IST" name="Default test" finished-at="2025-02-17T16:50:34 IST" duration-ms="2941">
      <class name="testPackage.putPatchDeletetest">
        <test-method signature="testDelete()[pri:0, instance:testPackage.putPatchDeletetest@16293aa2]" started-at="2025-02-17T16:50:31 IST" name="testDelete" finished-at="2025-02-17T16:50:33 IST" duration-ms="1859" status="PASS">
          <reporter-output>
          </reporter-output>
        </test-method> <!-- testDelete -->
        <test-method signature="testPatch()[pri:0, instance:testPackage.putPatchDeletetest@16293aa2]" started-at="2025-02-17T16:50:33 IST" name="testPatch" finished-at="2025-02-17T16:50:34 IST" duration-ms="573" status="PASS">
          <reporter-output>
          </reporter-output>
        </test-method> <!-- testPatch -->
        <test-method signature="testPut()[pri:0, instance:testPackage.putPatchDeletetest@16293aa2]" started-at="2025-02-17T16:50:34 IST" name="testPut" finished-at="2025-02-17T16:50:34 IST" duration-ms="462" status="PASS">
          <reporter-output>
          </reporter-output>
        </test-method> <!-- testPut -->
      </class> <!-- testPackage.putPatchDeletetest -->
    </test> <!-- Default test -->
  </suite> <!-- Default suite -->
</testng-results>
