<?xml version="1.0" encoding="UTF-8"?>
<testng-results ignored="0" total="1" passed="1" failed="0" skipped="0">
  <reporter-output>
  </reporter-output>
  <suite started-at="2025-02-11T10:39:25 IST" name="Default suite" finished-at="2025-02-11T10:39:26 IST" duration-ms="1382">
    <groups>
    </groups>
    <test started-at="2025-02-11T10:39:25 IST" name="Default test" finished-at="2025-02-11T10:39:26 IST" duration-ms="1382">
      <class name="testPackage.TestExample">
        <test-method signature="demo()[pri:0, instance:testPackage.TestExample@515aebb0]" started-at="2025-02-11T10:39:25 IST" name="demo" finished-at="2025-02-11T10:39:26 IST" duration-ms="1349" status="PASS">
          <reporter-output>
          </reporter-output>
        </test-method> <!-- demo -->
      </class> <!-- testPackage.TestExample -->
    </test> <!-- Default test -->
  </suite> <!-- Default suite -->
</testng-results>
