<?xml version="1.0" encoding="UTF-8"?>
<!-- Generated by org.testng.reporters.JUnitXMLReporter -->
<testsuite ignored="0" hostname="Kala" failures="0" tests="4" name="Default test" time="2.678" errors="0" timestamp="2025-02-13T18:21:19 IST">
  <testcase classname="testPackage.getnpostExamples" name="TestPost" time="1.89"/>
  <testcase classname="testPackage.getnpostExamples" name="gettests" time="0.593"/>
  <testcase classname="testPackage.getnpostExamples" name="test2" time="0.072"/>
  <testcase classname="testPackage.getnpostExamples" name="testget" time="0.08"/>
</testsuite> <!-- Default test -->
