<?xml version="1.0" encoding="UTF-8"?>
<!-- Generated by org.testng.reporters.JUnitXMLReporter -->
<testsuite ignored="0" hostname="Kala" failures="0" tests="3" name="Default test" time="2.941" errors="0" timestamp="2025-02-17T16:50:34 IST">
  <testcase classname="testPackage.putPatchDeletetest" name="testDelete" time="1.859"/>
  <testcase classname="testPackage.putPatchDeletetest" name="testPatch" time="0.573"/>
  <testcase classname="testPackage.putPatchDeletetest" name="testPut" time="0.462"/>
</testsuite> <!-- Default test -->
